<?xml version="1.0" encoding="UTF-8"?>
<coverage generated="1561168139940" clover="3.2.0">
  <project timestamp="1561168139941" name="All files">
    <metrics statements="73" coveredstatements="72" conditionals="41" coveredconditionals="36" methods="23" coveredmethods="22" elements="137" coveredelements="130" complexity="0" loc="73" ncloc="73" packages="1" files="3" classes="3"/>
    <file name="api.js" path="C:\Users\Kathlen\Google Drive\Programación\Laboratoria\bootcamp\md-links\src\api.js">
      <metrics statements="7" coveredstatements="7" conditionals="8" coveredconditionals="7" methods="3" coveredmethods="3"/>
      <line num="5" count="2" type="stmt"/>
      <line num="6" count="8" type="stmt"/>
      <line num="7" count="8" type="cond" truecount="4" falsecount="0"/>
      <line num="8" count="6" type="stmt"/>
      <line num="9" count="6" type="stmt"/>
      <line num="11" count="2" type="cond" truecount="3" falsecount="1"/>
      <line num="12" count="2" type="stmt"/>
    </file>
    <file name="cli.js" path="C:\Users\Kathlen\Google Drive\Programación\Laboratoria\bootcamp\md-links\src\cli.js">
      <metrics statements="20" coveredstatements="19" conditionals="20" coveredconditionals="17" methods="5" coveredmethods="4"/>
      <line num="7" count="1" type="stmt"/>
      <line num="8" count="1" type="stmt"/>
      <line num="10" count="1" type="stmt"/>
      <line num="11" count="6" type="cond" truecount="4" falsecount="0"/>
      <line num="12" count="3" type="stmt"/>
      <line num="14" count="3" type="cond" truecount="2" falsecount="2"/>
      <line num="15" count="3" type="stmt"/>
      <line num="19" count="1" type="stmt"/>
      <line num="20" count="4" type="stmt"/>
      <line num="21" count="4" type="stmt"/>
      <line num="23" count="4" type="stmt"/>
      <line num="25" count="4" type="stmt"/>
      <line num="28" count="4" type="cond" truecount="5" falsecount="0"/>
      <line num="29" count="1" type="stmt"/>
      <line num="30" count="3" type="cond" truecount="5" falsecount="0"/>
      <line num="31" count="1" type="stmt"/>
      <line num="33" count="6" type="stmt"/>
      <line num="34" count="2" type="stmt"/>
      <line num="41" count="1" type="cond" truecount="1" falsecount="1"/>
      <line num="42" count="0" type="stmt"/>
    </file>
    <file name="main.js" path="C:\Users\Kathlen\Google Drive\Programación\Laboratoria\bootcamp\md-links\src\main.js">
      <metrics statements="46" coveredstatements="46" conditionals="13" coveredconditionals="12" methods="15" coveredmethods="15"/>
      <line num="8" count="3" type="stmt"/>
      <line num="9" count="21" type="stmt"/>
      <line num="12" count="3" type="stmt"/>
      <line num="13" count="18" type="cond" truecount="2" falsecount="0"/>
      <line num="14" count="17" type="stmt"/>
      <line num="15" count="1" type="cond" truecount="1" falsecount="1"/>
      <line num="16" count="1" type="stmt"/>
      <line num="20" count="3" type="cond" truecount="1" falsecount="0"/>
      <line num="21" count="16" type="stmt"/>
      <line num="22" count="16" type="stmt"/>
      <line num="23" count="16" type="cond" truecount="4" falsecount="0"/>
      <line num="24" count="13" type="stmt"/>
      <line num="26" count="3" type="cond" truecount="2" falsecount="0"/>
      <line num="27" count="2" type="stmt"/>
      <line num="28" count="4" type="stmt"/>
      <line num="31" count="16" type="stmt"/>
      <line num="35" count="3" type="stmt"/>
      <line num="36" count="10" type="stmt"/>
      <line num="37" count="10" type="stmt"/>
      <line num="38" count="10" type="stmt"/>
      <line num="43" count="10" type="stmt"/>
      <line num="47" count="3" type="stmt"/>
      <line num="48" count="9" type="stmt"/>
      <line num="49" count="9" type="stmt"/>
      <line num="52" count="9" type="stmt"/>
      <line num="54" count="9" type="stmt"/>
      <line num="55" count="27" type="stmt"/>
      <line num="61" count="9" type="stmt"/>
      <line num="63" count="9" type="stmt"/>
      <line num="67" count="3" type="stmt"/>
      <line num="68" count="7" type="stmt"/>
      <line num="69" count="21" type="stmt"/>
      <line num="70" count="21" type="stmt"/>
      <line num="71" count="21" type="stmt"/>
      <line num="72" count="21" type="cond" truecount="2" falsecount="0"/>
      <line num="73" count="14" type="stmt"/>
      <line num="75" count="7" type="stmt"/>
      <line num="77" count="21" type="stmt"/>
      <line num="80" count="7" type="stmt"/>
      <line num="83" count="3" type="stmt"/>
      <line num="84" count="5" type="stmt"/>
      <line num="85" count="15" type="stmt"/>
      <line num="87" count="5" type="stmt"/>
      <line num="89" count="5" type="stmt"/>
      <line num="90" count="15" type="stmt"/>
      <line num="93" count="5" type="stmt"/>
    </file>
  </project>
</coverage>
