<?xml version="1.0" encoding="UTF-8"?>
<coverage generated="1561948821972" clover="3.2.0">
  <project timestamp="1561948821973" name="All files">
    <metrics statements="59" coveredstatements="59" conditionals="33" coveredconditionals="33" methods="25" coveredmethods="25" elements="117" coveredelements="117" complexity="0" loc="59" ncloc="59" packages="1" files="3" classes="3"/>
    <file name="api.js" path="C:\Users\Kathlen\Google Drive\Programación\Laboratoria\bootcamp\LIM009-fe-md-links\src\api.js">
      <metrics statements="5" coveredstatements="5" conditionals="4" coveredconditionals="4" methods="3" coveredmethods="3"/>
      <line num="3" count="9" type="stmt"/>
      <line num="4" count="9" type="cond" truecount="4" falsecount="0"/>
      <line num="5" count="6" type="stmt"/>
      <line num="6" count="6" type="stmt"/>
      <line num="9" count="3" type="stmt"/>
    </file>
    <file name="main.js" path="C:\Users\Kathlen\Google Drive\Programación\Laboratoria\bootcamp\LIM009-fe-md-links\src\main.js">
      <metrics statements="41" coveredstatements="41" conditionals="11" coveredconditionals="11" methods="15" coveredmethods="15"/>
      <line num="6" count="19" type="stmt"/>
      <line num="12" count="3" type="cond" truecount="1" falsecount="0"/>
      <line num="13" count="17" type="cond" truecount="2" falsecount="0"/>
      <line num="14" count="17" type="stmt"/>
      <line num="15" count="17" type="cond" truecount="4" falsecount="0"/>
      <line num="16" count="14" type="stmt"/>
      <line num="17" count="3" type="cond" truecount="2" falsecount="0"/>
      <line num="18" count="2" type="stmt"/>
      <line num="19" count="4" type="stmt"/>
      <line num="22" count="17" type="stmt"/>
      <line num="26" count="3" type="stmt"/>
      <line num="27" count="11" type="stmt"/>
      <line num="28" count="11" type="stmt"/>
      <line num="29" count="11" type="stmt"/>
      <line num="34" count="11" type="stmt"/>
      <line num="37" count="3" type="stmt"/>
      <line num="38" count="10" type="stmt"/>
      <line num="39" count="10" type="stmt"/>
      <line num="41" count="10" type="stmt"/>
      <line num="42" count="10" type="stmt"/>
      <line num="43" count="30" type="stmt"/>
      <line num="49" count="10" type="stmt"/>
      <line num="51" count="10" type="stmt"/>
      <line num="55" count="3" type="stmt"/>
      <line num="56" count="8" type="stmt"/>
      <line num="57" count="24" type="stmt"/>
      <line num="58" count="24" type="stmt"/>
      <line num="59" count="23" type="stmt"/>
      <line num="60" count="23" type="cond" truecount="2" falsecount="0"/>
      <line num="61" count="16" type="stmt"/>
      <line num="63" count="7" type="stmt"/>
      <line num="65" count="23" type="stmt"/>
      <line num="67" count="1" type="stmt"/>
      <line num="68" count="1" type="stmt"/>
      <line num="69" count="1" type="stmt"/>
      <line num="72" count="8" type="stmt"/>
      <line num="75" count="3" type="stmt"/>
      <line num="76" count="12" type="stmt"/>
      <line num="77" count="4" type="stmt"/>
      <line num="78" count="12" type="stmt"/>
      <line num="80" count="4" type="stmt"/>
    </file>
    <file name="options.js" path="C:\Users\Kathlen\Google Drive\Programación\Laboratoria\bootcamp\LIM009-fe-md-links\src\options.js">
      <metrics statements="13" coveredstatements="13" conditionals="18" coveredconditionals="18" methods="7" coveredmethods="7"/>
      <line num="5" count="5" type="cond" truecount="5" falsecount="0"/>
      <line num="6" count="1" type="stmt"/>
      <line num="7" count="3" type="stmt"/>
      <line num="10" count="4" type="cond" truecount="6" falsecount="0"/>
      <line num="11" count="1" type="stmt"/>
      <line num="13" count="1" type="stmt"/>
      <line num="14" count="1" type="stmt"/>
      <line num="19" count="3" type="cond" truecount="7" falsecount="0"/>
      <line num="20" count="2" type="stmt"/>
      <line num="22" count="2" type="stmt"/>
      <line num="23" count="2" type="stmt"/>
      <line num="29" count="1" type="stmt"/>
      <line num="30" count="3" type="stmt"/>
    </file>
  </project>
</coverage>
