{"C:\\Users\\Kathlen\\Google Drive\\Programación\\Laboratoria\\bootcamp\\LIM009-fe-md-links\\src\\main.js": {"path":"C:\\Users\\Kathlen\\Google Drive\\Programación\\Laboratoria\\bootcamp\\LIM009-fe-md-links\\src\\main.js","statementMap":{"0":{"start":{"line":10,"column":25},"end":{"line":12,"column":1}},"1":{"start":{"line":11,"column":2},"end":{"line":11,"column":31}},"2":{"start":{"line":14,"column":27},"end":{"line":20,"column":1}},"3":{"start":{"line":15,"column":2},"end":{"line":19,"column":3}},"4":{"start":{"line":16,"column":4},"end":{"line":16,"column":16}},"5":{"start":{"line":17,"column":9},"end":{"line":19,"column":3}},"6":{"start":{"line":18,"column":4},"end":{"line":18,"column":30}},"7":{"start":{"line":22,"column":15},"end":{"line":22,"column":17}},"8":{"start":{"line":23,"column":24},"end":{"line":35,"column":1}},"9":{"start":{"line":24,"column":16},"end":{"line":24,"column":37}},"10":{"start":{"line":25,"column":17},"end":{"line":25,"column":44}},"11":{"start":{"line":26,"column":2},"end":{"line":33,"column":3}},"12":{"start":{"line":27,"column":4},"end":{"line":27,"column":24}},"13":{"start":{"line":29,"column":7},"end":{"line":33,"column":3}},"14":{"start":{"line":30,"column":4},"end":{"line":32,"column":6}},"15":{"start":{"line":31,"column":6},"end":{"line":31,"column":35}},"16":{"start":{"line":34,"column":2},"end":{"line":34,"column":17}},"17":{"start":{"line":38,"column":27},"end":{"line":47,"column":1}},"18":{"start":{"line":39,"column":21},"end":{"line":39,"column":23}},"19":{"start":{"line":40,"column":2},"end":{"line":45,"column":4}},"20":{"start":{"line":41,"column":4},"end":{"line":44,"column":6}},"21":{"start":{"line":46,"column":2},"end":{"line":46,"column":19}},"22":{"start":{"line":50,"column":30},"end":{"line":67,"column":1}},"23":{"start":{"line":51,"column":16},"end":{"line":51,"column":18}},"24":{"start":{"line":52,"column":2},"end":{"line":65,"column":4}},"25":{"start":{"line":55,"column":21},"end":{"line":55,"column":42}},"26":{"start":{"line":57,"column":4},"end":{"line":63,"column":6}},"27":{"start":{"line":58,"column":6},"end":{"line":62,"column":9}},"28":{"start":{"line":64,"column":4},"end":{"line":64,"column":48}},"29":{"start":{"line":66,"column":2},"end":{"line":66,"column":15}},"30":{"start":{"line":70,"column":29},"end":{"line":84,"column":1}},"31":{"start":{"line":71,"column":21},"end":{"line":82,"column":4}},"32":{"start":{"line":72,"column":16},"end":{"line":72,"column":28}},"33":{"start":{"line":73,"column":4},"end":{"line":81,"column":6}},"34":{"start":{"line":74,"column":6},"end":{"line":74,"column":33}},"35":{"start":{"line":75,"column":6},"end":{"line":79,"column":7}},"36":{"start":{"line":76,"column":8},"end":{"line":76,"column":25}},"37":{"start":{"line":78,"column":8},"end":{"line":78,"column":27}},"38":{"start":{"line":80,"column":6},"end":{"line":80,"column":20}},"39":{"start":{"line":83,"column":2},"end":{"line":83,"column":32}}},"fnMap":{"0":{"name":"(anonymous_0)","decl":{"start":{"line":10,"column":25},"end":{"line":10,"column":26}},"loc":{"start":{"line":10,"column":36},"end":{"line":12,"column":1}},"line":10},"1":{"name":"(anonymous_1)","decl":{"start":{"line":14,"column":27},"end":{"line":14,"column":28}},"loc":{"start":{"line":14,"column":38},"end":{"line":20,"column":1}},"line":14},"2":{"name":"(anonymous_2)","decl":{"start":{"line":23,"column":24},"end":{"line":23,"column":25}},"loc":{"start":{"line":23,"column":38},"end":{"line":35,"column":1}},"line":23},"3":{"name":"(anonymous_3)","decl":{"start":{"line":30,"column":34},"end":{"line":30,"column":35}},"loc":{"start":{"line":30,"column":41},"end":{"line":32,"column":5}},"line":30},"4":{"name":"(anonymous_4)","decl":{"start":{"line":38,"column":27},"end":{"line":38,"column":28}},"loc":{"start":{"line":38,"column":38},"end":{"line":47,"column":1}},"line":38},"5":{"name":"(anonymous_5)","decl":{"start":{"line":40,"column":26},"end":{"line":40,"column":27}},"loc":{"start":{"line":40,"column":34},"end":{"line":45,"column":3}},"line":40},"6":{"name":"(anonymous_6)","decl":{"start":{"line":50,"column":30},"end":{"line":50,"column":31}},"loc":{"start":{"line":50,"column":41},"end":{"line":67,"column":1}},"line":50},"7":{"name":"(anonymous_7)","decl":{"start":{"line":52,"column":29},"end":{"line":52,"column":30}},"loc":{"start":{"line":52,"column":36},"end":{"line":65,"column":3}},"line":52},"8":{"name":"(anonymous_8)","decl":{"start":{"line":57,"column":20},"end":{"line":57,"column":21}},"loc":{"start":{"line":57,"column":43},"end":{"line":63,"column":5}},"line":57},"9":{"name":"(anonymous_9)","decl":{"start":{"line":70,"column":29},"end":{"line":70,"column":30}},"loc":{"start":{"line":70,"column":39},"end":{"line":84,"column":1}},"line":70},"10":{"name":"(anonymous_10)","decl":{"start":{"line":71,"column":46},"end":{"line":71,"column":47}},"loc":{"start":{"line":71,"column":57},"end":{"line":82,"column":3}},"line":71},"11":{"name":"(anonymous_11)","decl":{"start":{"line":73,"column":27},"end":{"line":73,"column":28}},"loc":{"start":{"line":73,"column":34},"end":{"line":81,"column":5}},"line":73}},"branchMap":{"0":{"loc":{"start":{"line":15,"column":2},"end":{"line":19,"column":3}},"type":"if","locations":[{"start":{"line":15,"column":2},"end":{"line":19,"column":3}},{"start":{"line":15,"column":2},"end":{"line":19,"column":3}}],"line":15},"1":{"loc":{"start":{"line":17,"column":9},"end":{"line":19,"column":3}},"type":"if","locations":[{"start":{"line":17,"column":9},"end":{"line":19,"column":3}},{"start":{"line":17,"column":9},"end":{"line":19,"column":3}}],"line":17},"2":{"loc":{"start":{"line":26,"column":2},"end":{"line":33,"column":3}},"type":"if","locations":[{"start":{"line":26,"column":2},"end":{"line":33,"column":3}},{"start":{"line":26,"column":2},"end":{"line":33,"column":3}}],"line":26},"3":{"loc":{"start":{"line":26,"column":6},"end":{"line":26,"column":45}},"type":"binary-expr","locations":[{"start":{"line":26,"column":6},"end":{"line":26,"column":12}},{"start":{"line":26,"column":16},"end":{"line":26,"column":45}}],"line":26},"4":{"loc":{"start":{"line":29,"column":7},"end":{"line":33,"column":3}},"type":"if","locations":[{"start":{"line":29,"column":7},"end":{"line":33,"column":3}},{"start":{"line":29,"column":7},"end":{"line":33,"column":3}}],"line":29},"5":{"loc":{"start":{"line":75,"column":6},"end":{"line":79,"column":7}},"type":"if","locations":[{"start":{"line":75,"column":6},"end":{"line":79,"column":7}},{"start":{"line":75,"column":6},"end":{"line":79,"column":7}}],"line":75}},"s":{"0":1,"1":19,"2":1,"3":19,"4":19,"5":0,"6":0,"7":1,"8":1,"9":19,"10":19,"11":19,"12":8,"13":11,"14":5,"15":17,"16":19,"17":1,"18":0,"19":0,"20":0,"21":0,"22":1,"23":0,"24":0,"25":0,"26":0,"27":0,"28":0,"29":0,"30":1,"31":0,"32":0,"33":0,"34":0,"35":0,"36":0,"37":0,"38":0,"39":0},"f":{"0":19,"1":19,"2":19,"3":17,"4":0,"5":0,"6":0,"7":0,"8":0,"9":0,"10":0,"11":0},"b":{"0":[19,0],"1":[0,0],"2":[8,11],"3":[19,14],"4":[5,6],"5":[0,0]},"_coverageSchema":"43e27e138ebf9cfc5966b082cf9a028302ed4184","hash":"d98adc04648bb1d68bbbaa1c09a1008d1596307e"}
}
