{"C:\\Users\\Kathlen\\Google Drive\\Programación\\Laboratoria\\bootcamp\\LIM009-fe-md-links\\src\\api.js": {"path":"C:\\Users\\Kathlen\\Google Drive\\Programación\\Laboratoria\\bootcamp\\LIM009-fe-md-links\\src\\api.js","statementMap":{"0":{"start":{"line":5,"column":23},"end":{"line":15,"column":1}},"1":{"start":{"line":6,"column":2},"end":{"line":14,"column":4}},"2":{"start":{"line":7,"column":4},"end":{"line":13,"column":5}},"3":{"start":{"line":8,"column":6},"end":{"line":10,"column":8}},"4":{"start":{"line":9,"column":8},"end":{"line":9,"column":27}},"5":{"start":{"line":11,"column":11},"end":{"line":13,"column":5}},"6":{"start":{"line":12,"column":6},"end":{"line":12,"column":36}}},"fnMap":{"0":{"name":"(anonymous_0)","decl":{"start":{"line":5,"column":23},"end":{"line":5,"column":24}},"loc":{"start":{"line":5,"column":43},"end":{"line":15,"column":1}},"line":5},"1":{"name":"(anonymous_1)","decl":{"start":{"line":6,"column":21},"end":{"line":6,"column":22}},"loc":{"start":{"line":6,"column":42},"end":{"line":14,"column":3}},"line":6},"2":{"name":"(anonymous_2)","decl":{"start":{"line":8,"column":32},"end":{"line":8,"column":33}},"loc":{"start":{"line":8,"column":48},"end":{"line":10,"column":7}},"line":8}},"branchMap":{"0":{"loc":{"start":{"line":7,"column":4},"end":{"line":13,"column":5}},"type":"if","locations":[{"start":{"line":7,"column":4},"end":{"line":13,"column":5}},{"start":{"line":7,"column":4},"end":{"line":13,"column":5}}],"line":7},"1":{"loc":{"start":{"line":7,"column":8},"end":{"line":7,"column":43}},"type":"binary-expr","locations":[{"start":{"line":7,"column":8},"end":{"line":7,"column":15}},{"start":{"line":7,"column":19},"end":{"line":7,"column":43}}],"line":7},"2":{"loc":{"start":{"line":11,"column":11},"end":{"line":13,"column":5}},"type":"if","locations":[{"start":{"line":11,"column":11},"end":{"line":13,"column":5}},{"start":{"line":11,"column":11},"end":{"line":13,"column":5}}],"line":11},"3":{"loc":{"start":{"line":11,"column":15},"end":{"line":11,"column":52}},"type":"binary-expr","locations":[{"start":{"line":11,"column":15},"end":{"line":11,"column":23}},{"start":{"line":11,"column":27},"end":{"line":11,"column":52}}],"line":11}},"s":{"0":2,"1":4,"2":4,"3":2,"4":2,"5":2,"6":2},"f":{"0":4,"1":4,"2":2},"b":{"0":[2,2],"1":[4,3],"2":[2,0],"3":[2,1]},"_coverageSchema":"43e27e138ebf9cfc5966b082cf9a028302ed4184","hash":"3565886eabe976b13f605230632e5cb1b2efe02a"}
,"C:\\Users\\Kathlen\\Google Drive\\Programación\\Laboratoria\\bootcamp\\LIM009-fe-md-links\\src\\main.js": {"path":"C:\\Users\\Kathlen\\Google Drive\\Programación\\Laboratoria\\bootcamp\\LIM009-fe-md-links\\src\\main.js","statementMap":{"0":{"start":{"line":10,"column":25},"end":{"line":12,"column":1}},"1":{"start":{"line":11,"column":2},"end":{"line":11,"column":31}},"2":{"start":{"line":14,"column":27},"end":{"line":20,"column":1}},"3":{"start":{"line":15,"column":2},"end":{"line":19,"column":3}},"4":{"start":{"line":16,"column":4},"end":{"line":16,"column":16}},"5":{"start":{"line":17,"column":9},"end":{"line":19,"column":3}},"6":{"start":{"line":18,"column":4},"end":{"line":18,"column":30}},"7":{"start":{"line":22,"column":24},"end":{"line":34,"column":1}},"8":{"start":{"line":23,"column":16},"end":{"line":23,"column":37}},"9":{"start":{"line":24,"column":17},"end":{"line":24,"column":44}},"10":{"start":{"line":25,"column":2},"end":{"line":32,"column":3}},"11":{"start":{"line":26,"column":4},"end":{"line":26,"column":24}},"12":{"start":{"line":28,"column":7},"end":{"line":32,"column":3}},"13":{"start":{"line":29,"column":4},"end":{"line":31,"column":6}},"14":{"start":{"line":30,"column":6},"end":{"line":30,"column":45}},"15":{"start":{"line":33,"column":2},"end":{"line":33,"column":17}},"16":{"start":{"line":37,"column":27},"end":{"line":46,"column":1}},"17":{"start":{"line":38,"column":21},"end":{"line":38,"column":23}},"18":{"start":{"line":39,"column":2},"end":{"line":44,"column":4}},"19":{"start":{"line":40,"column":4},"end":{"line":43,"column":6}},"20":{"start":{"line":45,"column":2},"end":{"line":45,"column":19}},"21":{"start":{"line":49,"column":30},"end":{"line":66,"column":1}},"22":{"start":{"line":50,"column":16},"end":{"line":50,"column":18}},"23":{"start":{"line":51,"column":2},"end":{"line":64,"column":4}},"24":{"start":{"line":54,"column":21},"end":{"line":54,"column":42}},"25":{"start":{"line":56,"column":4},"end":{"line":62,"column":6}},"26":{"start":{"line":57,"column":6},"end":{"line":61,"column":9}},"27":{"start":{"line":63,"column":4},"end":{"line":63,"column":48}},"28":{"start":{"line":65,"column":2},"end":{"line":65,"column":15}},"29":{"start":{"line":69,"column":29},"end":{"line":86,"column":1}},"30":{"start":{"line":70,"column":2},"end":{"line":84,"column":4}},"31":{"start":{"line":71,"column":23},"end":{"line":82,"column":6}},"32":{"start":{"line":72,"column":18},"end":{"line":72,"column":30}},"33":{"start":{"line":73,"column":6},"end":{"line":81,"column":8}},"34":{"start":{"line":74,"column":8},"end":{"line":74,"column":35}},"35":{"start":{"line":75,"column":8},"end":{"line":79,"column":9}},"36":{"start":{"line":76,"column":10},"end":{"line":76,"column":27}},"37":{"start":{"line":78,"column":10},"end":{"line":78,"column":29}},"38":{"start":{"line":80,"column":8},"end":{"line":80,"column":22}},"39":{"start":{"line":83,"column":4},"end":{"line":83,"column":34}},"40":{"start":{"line":88,"column":25},"end":{"line":103,"column":1}},"41":{"start":{"line":89,"column":17},"end":{"line":91,"column":4}},"42":{"start":{"line":90,"column":4},"end":{"line":90,"column":18}},"43":{"start":{"line":92,"column":14},"end":{"line":92,"column":29}},"44":{"start":{"line":94,"column":18},"end":{"line":96,"column":4}},"45":{"start":{"line":95,"column":4},"end":{"line":95,"column":27}},"46":{"start":{"line":98,"column":2},"end":{"line":102,"column":3}}},"fnMap":{"0":{"name":"(anonymous_0)","decl":{"start":{"line":10,"column":25},"end":{"line":10,"column":26}},"loc":{"start":{"line":10,"column":36},"end":{"line":12,"column":1}},"line":10},"1":{"name":"(anonymous_1)","decl":{"start":{"line":14,"column":27},"end":{"line":14,"column":28}},"loc":{"start":{"line":14,"column":38},"end":{"line":20,"column":1}},"line":14},"2":{"name":"(anonymous_2)","decl":{"start":{"line":22,"column":24},"end":{"line":22,"column":25}},"loc":{"start":{"line":22,"column":53},"end":{"line":34,"column":1}},"line":22},"3":{"name":"(anonymous_3)","decl":{"start":{"line":29,"column":34},"end":{"line":29,"column":35}},"loc":{"start":{"line":29,"column":41},"end":{"line":31,"column":5}},"line":29},"4":{"name":"(anonymous_4)","decl":{"start":{"line":37,"column":27},"end":{"line":37,"column":28}},"loc":{"start":{"line":37,"column":38},"end":{"line":46,"column":1}},"line":37},"5":{"name":"(anonymous_5)","decl":{"start":{"line":39,"column":26},"end":{"line":39,"column":27}},"loc":{"start":{"line":39,"column":34},"end":{"line":44,"column":3}},"line":39},"6":{"name":"(anonymous_6)","decl":{"start":{"line":49,"column":30},"end":{"line":49,"column":31}},"loc":{"start":{"line":49,"column":47},"end":{"line":66,"column":1}},"line":49},"7":{"name":"(anonymous_7)","decl":{"start":{"line":51,"column":35},"end":{"line":51,"column":36}},"loc":{"start":{"line":51,"column":42},"end":{"line":64,"column":3}},"line":51},"8":{"name":"(anonymous_8)","decl":{"start":{"line":56,"column":20},"end":{"line":56,"column":21}},"loc":{"start":{"line":56,"column":43},"end":{"line":62,"column":5}},"line":56},"9":{"name":"(anonymous_9)","decl":{"start":{"line":69,"column":29},"end":{"line":69,"column":30}},"loc":{"start":{"line":69,"column":40},"end":{"line":86,"column":1}},"line":69},"10":{"name":"(anonymous_10)","decl":{"start":{"line":70,"column":36},"end":{"line":70,"column":37}},"loc":{"start":{"line":70,"column":44},"end":{"line":84,"column":3}},"line":70},"11":{"name":"(anonymous_11)","decl":{"start":{"line":71,"column":32},"end":{"line":71,"column":33}},"loc":{"start":{"line":71,"column":43},"end":{"line":82,"column":5}},"line":71},"12":{"name":"(anonymous_12)","decl":{"start":{"line":73,"column":29},"end":{"line":73,"column":30}},"loc":{"start":{"line":73,"column":36},"end":{"line":81,"column":7}},"line":73},"13":{"name":"(anonymous_13)","decl":{"start":{"line":88,"column":25},"end":{"line":88,"column":26}},"loc":{"start":{"line":88,"column":37},"end":{"line":103,"column":1}},"line":88},"14":{"name":"(anonymous_14)","decl":{"start":{"line":89,"column":28},"end":{"line":89,"column":29}},"loc":{"start":{"line":89,"column":34},"end":{"line":91,"column":3}},"line":89},"15":{"name":"(anonymous_15)","decl":{"start":{"line":94,"column":32},"end":{"line":94,"column":33}},"loc":{"start":{"line":94,"column":38},"end":{"line":96,"column":3}},"line":94}},"branchMap":{"0":{"loc":{"start":{"line":15,"column":2},"end":{"line":19,"column":3}},"type":"if","locations":[{"start":{"line":15,"column":2},"end":{"line":19,"column":3}},{"start":{"line":15,"column":2},"end":{"line":19,"column":3}}],"line":15},"1":{"loc":{"start":{"line":17,"column":9},"end":{"line":19,"column":3}},"type":"if","locations":[{"start":{"line":17,"column":9},"end":{"line":19,"column":3}},{"start":{"line":17,"column":9},"end":{"line":19,"column":3}}],"line":17},"2":{"loc":{"start":{"line":22,"column":35},"end":{"line":22,"column":48}},"type":"default-arg","locations":[{"start":{"line":22,"column":46},"end":{"line":22,"column":48}}],"line":22},"3":{"loc":{"start":{"line":25,"column":2},"end":{"line":32,"column":3}},"type":"if","locations":[{"start":{"line":25,"column":2},"end":{"line":32,"column":3}},{"start":{"line":25,"column":2},"end":{"line":32,"column":3}}],"line":25},"4":{"loc":{"start":{"line":25,"column":6},"end":{"line":25,"column":45}},"type":"binary-expr","locations":[{"start":{"line":25,"column":6},"end":{"line":25,"column":12}},{"start":{"line":25,"column":16},"end":{"line":25,"column":45}}],"line":25},"5":{"loc":{"start":{"line":28,"column":7},"end":{"line":32,"column":3}},"type":"if","locations":[{"start":{"line":28,"column":7},"end":{"line":32,"column":3}},{"start":{"line":28,"column":7},"end":{"line":32,"column":3}}],"line":28},"6":{"loc":{"start":{"line":75,"column":8},"end":{"line":79,"column":9}},"type":"if","locations":[{"start":{"line":75,"column":8},"end":{"line":79,"column":9}},{"start":{"line":75,"column":8},"end":{"line":79,"column":9}}],"line":75}},"s":{"0":2,"1":37,"2":2,"3":32,"4":29,"5":3,"6":3,"7":2,"8":30,"9":30,"10":30,"11":19,"12":11,"13":5,"14":17,"15":30,"16":2,"17":11,"18":11,"19":11,"20":11,"21":2,"22":10,"23":10,"24":10,"25":10,"26":20,"27":10,"28":10,"29":2,"30":4,"31":4,"32":8,"33":8,"34":8,"35":8,"36":7,"37":1,"38":8,"39":4,"40":2,"41":1,"42":2,"43":1,"44":1,"45":2,"46":1},"f":{"0":37,"1":32,"2":30,"3":17,"4":11,"5":11,"6":10,"7":10,"8":20,"9":4,"10":4,"11":8,"12":8,"13":1,"14":2,"15":2},"b":{"0":[29,3],"1":[3,0],"2":[13],"3":[19,11],"4":[30,25],"5":[5,6],"6":[7,1]},"_coverageSchema":"43e27e138ebf9cfc5966b082cf9a028302ed4184","hash":"0dc8543940a916466bd33bcbf56ea69f5a6b0c8e"}
}
