TN:
SF:C:\Users\Kathlen\Google Drive\Programación\Laboratoria\bootcamp\LIM009-fe-md-links\src\api.js
FN:5,(anonymous_0)
FN:6,(anonymous_1)
FN:8,(anonymous_2)
FNF:3
FNH:3
FNDA:4,(anonymous_0)
FNDA:4,(anonymous_1)
FNDA:2,(anonymous_2)
DA:5,2
DA:6,4
DA:7,4
DA:8,2
DA:9,2
DA:11,2
DA:12,2
LF:7
LH:7
BRDA:7,0,0,2
BRDA:7,0,1,2
BRDA:7,1,0,4
BRDA:7,1,1,3
BRDA:11,2,0,2
BRDA:11,2,1,0
BRDA:11,3,0,2
BRDA:11,3,1,1
BRF:8
BRH:7
end_of_record
TN:
SF:C:\Users\Kathlen\Google Drive\Programación\Laboratoria\bootcamp\LIM009-fe-md-links\src\main.js
FN:10,(anonymous_0)
FN:14,(anonymous_1)
FN:22,(anonymous_2)
FN:29,(anonymous_3)
FN:37,(anonymous_4)
FN:39,(anonymous_5)
FN:49,(anonymous_6)
FN:51,(anonymous_7)
FN:56,(anonymous_8)
FN:69,(anonymous_9)
FN:70,(anonymous_10)
FN:71,(anonymous_11)
FN:73,(anonymous_12)
FN:88,(anonymous_13)
FN:89,(anonymous_14)
FN:94,(anonymous_15)
FNF:16
FNH:16
FNDA:37,(anonymous_0)
FNDA:32,(anonymous_1)
FNDA:30,(anonymous_2)
FNDA:17,(anonymous_3)
FNDA:11,(anonymous_4)
FNDA:11,(anonymous_5)
FNDA:10,(anonymous_6)
FNDA:10,(anonymous_7)
FNDA:20,(anonymous_8)
FNDA:4,(anonymous_9)
FNDA:4,(anonymous_10)
FNDA:8,(anonymous_11)
FNDA:8,(anonymous_12)
FNDA:1,(anonymous_13)
FNDA:2,(anonymous_14)
FNDA:2,(anonymous_15)
DA:10,2
DA:11,37
DA:14,2
DA:15,32
DA:16,29
DA:17,3
DA:18,3
DA:22,2
DA:23,30
DA:24,30
DA:25,30
DA:26,19
DA:28,11
DA:29,5
DA:30,17
DA:33,30
DA:37,2
DA:38,11
DA:39,11
DA:40,11
DA:45,11
DA:49,2
DA:50,10
DA:51,10
DA:54,10
DA:56,10
DA:57,20
DA:63,10
DA:65,10
DA:69,2
DA:70,4
DA:71,4
DA:72,8
DA:73,8
DA:74,8
DA:75,8
DA:76,7
DA:78,1
DA:80,8
DA:83,4
DA:88,2
DA:89,1
DA:90,2
DA:92,1
DA:94,1
DA:95,2
DA:98,1
LF:47
LH:47
BRDA:15,0,0,29
BRDA:15,0,1,3
BRDA:17,1,0,3
BRDA:17,1,1,0
BRDA:22,2,0,13
BRDA:25,3,0,19
BRDA:25,3,1,11
BRDA:25,4,0,30
BRDA:25,4,1,25
BRDA:28,5,0,5
BRDA:28,5,1,6
BRDA:75,6,0,7
BRDA:75,6,1,1
BRF:13
BRH:12
end_of_record
