TN:
SF:C:\Users\Kathlen\Google Drive\Programación\Laboratoria\bootcamp\LIM009-fe-md-links\src\api.js
FN:3,(anonymous_0)
FN:3,(anonymous_1)
FN:5,(anonymous_2)
FNF:3
FNH:3
FNDA:9,(anonymous_0)
FNDA:9,(anonymous_1)
FNDA:6,(anonymous_2)
DA:3,9
DA:4,9
DA:5,6
DA:6,6
DA:9,3
LF:5
LH:5
BRDA:4,0,0,6
BRDA:4,0,1,3
BRDA:4,1,0,9
BRDA:4,1,1,7
BRF:4
BRH:4
end_of_record
TN:
SF:C:\Users\Kathlen\Google Drive\Programación\Laboratoria\bootcamp\LIM009-fe-md-links\src\main.js
FN:6,(anonymous_0)
FN:12,(anonymous_1)
FN:18,(anonymous_2)
FN:26,(anonymous_3)
FN:28,(anonymous_4)
FN:37,(anonymous_5)
FN:39,(anonymous_6)
FN:42,(anonymous_7)
FN:55,(anonymous_8)
FN:56,(anonymous_9)
FN:58,(anonymous_10)
FN:66,(anonymous_11)
FN:75,(anonymous_12)
FN:76,(anonymous_13)
FN:78,(anonymous_14)
FNF:15
FNH:15
FNDA:19,(anonymous_0)
FNDA:17,(anonymous_1)
FNDA:4,(anonymous_2)
FNDA:11,(anonymous_3)
FNDA:11,(anonymous_4)
FNDA:10,(anonymous_5)
FNDA:10,(anonymous_6)
FNDA:30,(anonymous_7)
FNDA:8,(anonymous_8)
FNDA:24,(anonymous_9)
FNDA:23,(anonymous_10)
FNDA:1,(anonymous_11)
FNDA:4,(anonymous_12)
FNDA:12,(anonymous_13)
FNDA:12,(anonymous_14)
DA:6,19
DA:12,3
DA:13,17
DA:14,17
DA:15,17
DA:16,14
DA:17,3
DA:18,2
DA:19,4
DA:22,17
DA:26,3
DA:27,11
DA:28,11
DA:29,11
DA:34,11
DA:37,3
DA:38,10
DA:39,10
DA:41,10
DA:42,10
DA:43,30
DA:49,10
DA:51,10
DA:55,3
DA:56,8
DA:57,24
DA:58,24
DA:59,23
DA:60,23
DA:61,16
DA:63,7
DA:65,23
DA:67,1
DA:68,1
DA:69,1
DA:72,8
DA:75,3
DA:76,12
DA:77,4
DA:78,12
DA:80,4
LF:41
LH:41
BRDA:12,0,0,13
BRDA:13,1,0,16
BRDA:13,1,1,1
BRDA:15,2,0,14
BRDA:15,2,1,3
BRDA:15,3,0,17
BRDA:15,3,1,15
BRDA:17,4,0,2
BRDA:17,4,1,1
BRDA:60,5,0,16
BRDA:60,5,1,7
BRF:11
BRH:11
end_of_record
TN:
SF:C:\Users\Kathlen\Google Drive\Programación\Laboratoria\bootcamp\LIM009-fe-md-links\src\options.js
FN:4,(anonymous_0)
FN:7,(anonymous_1)
FN:7,(anonymous_2)
FN:12,(anonymous_3)
FN:21,(anonymous_4)
FN:30,(anonymous_5)
FN:30,(anonymous_6)
FNF:7
FNH:7
FNDA:5,(anonymous_0)
FNDA:1,(anonymous_1)
FNDA:3,(anonymous_2)
FNDA:1,(anonymous_3)
FNDA:2,(anonymous_4)
FNDA:1,(anonymous_5)
FNDA:3,(anonymous_6)
DA:5,5
DA:6,1
DA:7,3
DA:10,4
DA:11,1
DA:13,1
DA:14,1
DA:19,3
DA:20,2
DA:22,2
DA:23,2
DA:29,1
DA:30,3
LF:13
LH:13
BRDA:5,0,0,1
BRDA:5,0,1,4
BRDA:5,1,0,5
BRDA:5,1,1,4
BRDA:5,1,2,3
BRDA:10,2,0,1
BRDA:10,2,1,3
BRDA:10,3,0,4
BRDA:10,3,1,3
BRDA:10,3,2,1
BRDA:10,3,3,3
BRDA:19,4,0,2
BRDA:19,4,1,1
BRDA:19,5,0,3
BRDA:19,5,1,2
BRDA:19,5,2,1
BRDA:19,5,3,2
BRDA:19,5,4,1
BRF:18
BRH:18
end_of_record
